\BOOKMARK [0][-]{chapter*.2}{\315ndice de cuadros}{}
\BOOKMARK [0][-]{chapter*.3}{\315ndice de figuras}{}
\BOOKMARK [0][-]{chapter*.4}{\315ndice de Anexos}{}
\BOOKMARK [0][-]{chapter*.5}{Introducci\363n}{}
\BOOKMARK [0][-]{chapter.1}{Aprovisionamiento de m\341quinas virtuales}{}
\BOOKMARK [1][-]{section.1.1}{Enfoques de aprovisionamiento}{chapter.1}
\BOOKMARK [1][-]{section.1.2}{Herramientas de despliegue actuales}{chapter.1}
\BOOKMARK [2][-]{subsection.1.2.1}{Nixes}{section.1.2}
\BOOKMARK [2][-]{subsection.1.2.2}{SmartFrog}{section.1.2}
\BOOKMARK [2][-]{subsection.1.2.3}{Radia}{section.1.2}
\BOOKMARK [2][-]{subsection.1.2.4}{Cobbler}{section.1.2}
\BOOKMARK [2][-]{subsection.1.2.5}{Amazon EC2}{section.1.2}
\BOOKMARK [2][-]{subsection.1.2.6}{HP Utility Data Center}{section.1.2}
\BOOKMARK [2][-]{subsection.1.2.7}{Oracle VM Templates}{section.1.2}
\BOOKMARK [2][-]{subsection.1.2.8}{Shef}{section.1.2}
\BOOKMARK [2][-]{subsection.1.2.9}{vagrant}{section.1.2}
\BOOKMARK [0][-]{chapter.2}{VirtShell: Framework para aprovisionamiento de soluciones virtuales}{}
\BOOKMARK [1][-]{section.2.1}{Dise\361o Inicial de VirtShell}{chapter.2}
\BOOKMARK [0][-]{chapter.3}{API REST}{}
\BOOKMARK [1][-]{section.3.1}{Provisioning API conceptos}{chapter.3}
\BOOKMARK [1][-]{section.3.2}{Provisioning API data model}{chapter.3}
\BOOKMARK [1][-]{section.3.3}{Provisioning API reference}{chapter.3}
\BOOKMARK [2][-]{subsection.3.3.1}{Nodes}{section.3.3}
\BOOKMARK [2][-]{subsection.3.3.2}{Log}{section.3.3}
\BOOKMARK [2][-]{subsection.3.3.3}{Appliance}{section.3.3}
\BOOKMARK [2][-]{subsection.3.3.4}{Enviroment}{section.3.3}
\BOOKMARK [2][-]{subsection.3.3.5}{Archetype}{section.3.3}
\BOOKMARK [2][-]{subsection.3.3.6}{User}{section.3.3}
\BOOKMARK [1][-]{section.3.4}{HTTP status codes}{chapter.3}
\BOOKMARK [1][-]{section.3.5}{El estilo REST}{chapter.3}
\BOOKMARK [1][-]{section.3.6}{Formato de datos - JSON}{chapter.3}
\BOOKMARK [1][-]{section.3.7}{Ejemplos}{chapter.3}
\BOOKMARK [1][-]{section.3.8}{Autenticaci\363n}{chapter.3}
\BOOKMARK [2][-]{subsection.3.8.1}{Authentication Header}{section.3.8}
\BOOKMARK [2][-]{subsection.3.8.2}{Solicitud can\363nica para firmar}{section.3.8}
\BOOKMARK [2][-]{subsection.3.8.3}{Tiempo de sello}{section.3.8}
\BOOKMARK [2][-]{subsection.3.8.4}{Ejemplos de autenticaci\363n}{section.3.8}
\BOOKMARK [0][-]{chapter.4}{Implementaci\363n del framework}{}
\BOOKMARK [0][-]{chapter.5}{Pruebas y resultados}{}
\BOOKMARK [0][-]{chapter.6}{Conclusiones}{}
\BOOKMARK [0][-]{chapter.7}{Recomendaciones}{}
\BOOKMARK [0][-]{chapter*.6}{Bibliograf\355a}{}
